code/app/build/generated/intermediate/manifest_merge_blame_file/debug/manifest-merger-blame-debug-report.txt
1<?xml version="1.0" encoding="utf-8"?>
2<manifest xmlns:android="http://schemas.android.com/apk/res/android"
3    package="com.example.bikee_cataloguemobileapp"
4    android:versionCode="1"
5    android:versionName="1.0" >
6
7    <uses-sdk
8        android:minSdkVersion="21"
8-->src\main\AndroidManifest.xml
9        android:targetSdkVersion="32" />
9-->src\main\AndroidManifest.xml
10
11    <uses-permission android:name="android.permission.ACCESS_COARSE_LOCATION" />
11-->src\main\AndroidManifest.xml:6:5-81
11-->src\main\AndroidManifest.xml:6:22-78
12    <uses-permission android:name="android.permission.ACCESS_FINE_LOCATION" />
12-->src\main\AndroidManifest.xml:7:5-79
12-->src\main\AndroidManifest.xml:7:22-76
13    <uses-permission android:name="android.permission.CALL_PHONE" />
13-->src\main\AndroidManifest.xml:8:5-69
13-->src\main\AndroidManifest.xml:8:22-66
14    <uses-permission android:name="android.permission.READ_PHONE_STATE" />
14-->src\main\AndroidManifest.xml:9:5-75
14-->src\main\AndroidManifest.xml:9:22-72
15    <uses-permission android:name="android.permission.SEND_SMS" />
15-->src\main\AndroidManifest.xml:10:5-67
15-->src\main\AndroidManifest.xml:10:22-64
16    <uses-permission android:name="android.permission.WRITE_EXTERNAL_STORAGE" />
16-->src\main\AndroidManifest.xml:11:5-81
16-->src\main\AndroidManifest.xml:11:22-78
17    <uses-permission android:name="android.permission.READ_EXTERNAL_STORAGE" />
17-->src\main\AndroidManifest.xml:12:5-80
17-->src\main\AndroidManifest.xml:12:22-77
18    <uses-permission android:name="android.permission.INTERNET" />
18-->src\main\AndroidManifest.xml:13:5-67
18-->src\main\AndroidManifest.xml:13:22-64
19    <uses-permission android:name="android.permission.ACCESS_NETWORK_STATE" />
19-->[com.pierfrancescosoffritti.androidyoutubeplayer:core:11.1.0] AndroidManifest.xml:10:5-79
19-->[com.pierfrancescosoffritti.androidyoutubeplayer:core:11.1.0] AndroidManifest.xml:10:22-76
20
21    <uses-feature
21-->[com.google.android.gms:play-services-maps:18.1.0] AndroidManifest.xml:26:5-28:35
22        android:glEsVersion="0x00020000"
22-->[com.google.android.gms:play-services-maps:18.1.0] AndroidManifest.xml:27:9-41
23        android:required="true" />
23-->[com.google.android.gms:play-services-maps:18.1.0] AndroidManifest.xml:28:9-32
24
25    <queries>
25-->[com.google.android.gms:play-services-maps:18.1.0] AndroidManifest.xml:30:5-34:15
26
27        <!-- Needs to be explicitly declared on Android R+ -->
28        <package android:name="com.google.android.apps.maps" />
28-->[com.google.android.gms:play-services-maps:18.1.0] AndroidManifest.xml:33:9-64
28-->[com.google.android.gms:play-services-maps:18.1.0] AndroidManifest.xml:33:18-61
29    </queries> <!-- 如果是安卓8.0，应用编译配置的targetSdkVersion>=26，请务必添加以下权限 -->
30    <uses-permission android:name="android.permission.REQUEST_INSTALL_PACKAGES" /> <!-- 应用市场9.0版本必须使用该权限获取用户的服务地 -->
30-->[com.huawei.hms:availableupdate:4.0.3.302] AndroidManifest.xml:16:5-83
30-->[com.huawei.hms:availableupdate:4.0.3.302] AndroidManifest.xml:16:22-80
31    <uses-permission android:name="com.huawei.appmarket.service.commondata.permission.GET_COMMON_DATA" />
31-->[com.huawei.hms:availableupdate:4.0.3.302] AndroidManifest.xml:18:5-106
31-->[com.huawei.hms:availableupdate:4.0.3.302] AndroidManifest.xml:18:22-103
32
33    <application
33-->src\main\AndroidManifest.xml:15:5-79:19
34        android:allowBackup="true"
34-->src\main\AndroidManifest.xml:16:9-35
35        android:appComponentFactory="androidx.core.app.CoreComponentFactory"
35-->[androidx.core:core:1.8.0] AndroidManifest.xml:24:18-86
36        android:dataExtractionRules="@xml/data_extraction_rules"
36-->src\main\AndroidManifest.xml:17:9-65
37        android:debuggable="true"
38        android:fullBackupContent="@xml/backup_rules"
38-->src\main\AndroidManifest.xml:18:9-54
39        android:icon="@drawable/download"
39-->src\main\AndroidManifest.xml:19:9-42
40        android:label="@string/app_name"
40-->src\main\AndroidManifest.xml:20:9-41
41        android:roundIcon="@drawable/download"
41-->src\main\AndroidManifest.xml:21:9-47
42        android:supportsRtl="true"
42-->src\main\AndroidManifest.xml:22:9-35
43        android:testOnly="true"
44        android:theme="@style/Theme.BikeECatalogueMobileApp" >
44-->src\main\AndroidManifest.xml:23:9-61
45        <activity
45-->src\main\AndroidManifest.xml:25:9-27:40
46            android:name="com.example.bikee_cataloguemobileapp.AdminViewquery"
46-->src\main\AndroidManifest.xml:26:13-43
47            android:exported="false" />
47-->src\main\AndroidManifest.xml:27:13-37
48        <activity
48-->src\main\AndroidManifest.xml:28:9-30:40
49            android:name="com.example.bikee_cataloguemobileapp.User.website"
49-->src\main\AndroidManifest.xml:29:13-41
50            android:exported="false" />
50-->src\main\AndroidManifest.xml:30:13-37
51
52        <meta-data
52-->src\main\AndroidManifest.xml:32:9-34:71
53            android:name="com.google.android.geo.API_KEY"
53-->src\main\AndroidManifest.xml:33:13-58
54            android:value="AIzaSyA7upgCWBMQFROMDW1O4C2hIeVEBGV0i4g" />
54-->src\main\AndroidManifest.xml:34:13-68
55
56        <activity
56-->src\main\AndroidManifest.xml:36:9-39:67
57            android:name="com.example.bikee_cataloguemobileapp.Showlocation"
57-->src\main\AndroidManifest.xml:37:13-41
58            android:exported="false"
58-->src\main\AndroidManifest.xml:38:13-37
59            android:label="@string/title_activity_showlocation" />
59-->src\main\AndroidManifest.xml:39:13-64
60        <activity
60-->src\main\AndroidManifest.xml:40:9-42:40
61            android:name="com.example.bikee_cataloguemobileapp.Addevents"
61-->src\main\AndroidManifest.xml:41:13-38
62            android:exported="false" />
62-->src\main\AndroidManifest.xml:42:13-37
63        <activity
63-->src\main\AndroidManifest.xml:43:9-45:40
64            android:name="com.example.bikee_cataloguemobileapp.User.Viewmore"
64-->src\main\AndroidManifest.xml:44:13-42
65            android:exported="false" />
65-->src\main\AndroidManifest.xml:45:13-37
66        <activity
66-->src\main\AndroidManifest.xml:46:9-48:40
67            android:name="com.example.bikee_cataloguemobileapp.AdminaddBike"
67-->src\main\AndroidManifest.xml:47:13-41
68            android:exported="false" />
68-->src\main\AndroidManifest.xml:48:13-37
69        <activity
69-->src\main\AndroidManifest.xml:49:9-51:40
70            android:name="com.example.bikee_cataloguemobileapp.AdminUsers"
70-->src\main\AndroidManifest.xml:50:13-39
71            android:exported="false" />
71-->src\main\AndroidManifest.xml:51:13-37
72        <activity
72-->src\main\AndroidManifest.xml:52:9-54:40
73            android:name="com.example.bikee_cataloguemobileapp.AdminShowroom"
73-->src\main\AndroidManifest.xml:53:13-42
74            android:exported="false" />
74-->src\main\AndroidManifest.xml:54:13-37
75        <activity
75-->src\main\AndroidManifest.xml:55:9-57:40
76            android:name="com.example.bikee_cataloguemobileapp.AdminEvent"
76-->src\main\AndroidManifest.xml:56:13-39
77            android:exported="false" />
77-->src\main\AndroidManifest.xml:57:13-37
78        <activity
78-->src\main\AndroidManifest.xml:58:9-60:40
79            android:name="com.example.bikee_cataloguemobileapp.AdminBike"
79-->src\main\AndroidManifest.xml:59:13-38
80            android:exported="false" />
80-->src\main\AndroidManifest.xml:60:13-37
81        <activity
81-->src\main\AndroidManifest.xml:61:9-63:40
82            android:name="com.example.bikee_cataloguemobileapp.AdminDashboard"
82-->src\main\AndroidManifest.xml:62:13-43
83            android:exported="false" />
83-->src\main\AndroidManifest.xml:63:13-37
84        <activity
84-->src\main\AndroidManifest.xml:64:9-66:40
85            android:name="com.example.bikee_cataloguemobileapp.Userdashboard"
85-->src\main\AndroidManifest.xml:65:13-42
86            android:exported="false" />
86-->src\main\AndroidManifest.xml:66:13-37
87        <activity
87-->src\main\AndroidManifest.xml:67:9-69:40
88            android:name="com.example.bikee_cataloguemobileapp.Login"
88-->src\main\AndroidManifest.xml:68:13-34
89            android:exported="false" />
89-->src\main\AndroidManifest.xml:69:13-37
90        <activity
90-->src\main\AndroidManifest.xml:70:9-78:20
91            android:name="com.example.bikee_cataloguemobileapp.MainActivity"
91-->src\main\AndroidManifest.xml:71:13-41
92            android:exported="true" >
92-->src\main\AndroidManifest.xml:72:13-36
93            <intent-filter>
93-->src\main\AndroidManifest.xml:73:13-77:29
94                <action android:name="android.intent.action.MAIN" />
94-->src\main\AndroidManifest.xml:74:17-69
94-->src\main\AndroidManifest.xml:74:25-66
95
96                <category android:name="android.intent.category.LAUNCHER" />
96-->src\main\AndroidManifest.xml:76:17-77
96-->src\main\AndroidManifest.xml:76:27-74
97            </intent-filter>
98        </activity>
99        <!-- Needs to be explicitly declared on P+ -->
100        <uses-library
100-->[com.google.android.gms:play-services-maps:18.1.0] AndroidManifest.xml:39:9-41:40
101            android:name="org.apache.http.legacy"
101-->[com.google.android.gms:play-services-maps:18.1.0] AndroidManifest.xml:40:13-50
102            android:required="false" />
102-->[com.google.android.gms:play-services-maps:18.1.0] AndroidManifest.xml:41:13-37
103
104        <activity
104-->[com.google.android.gms:play-services-base:18.1.0] AndroidManifest.xml:20:9-22:45
105            android:name="com.google.android.gms.common.api.GoogleApiActivity"
105-->[com.google.android.gms:play-services-base:18.1.0] AndroidManifest.xml:20:19-85
106            android:exported="false"
106-->[com.google.android.gms:play-services-base:18.1.0] AndroidManifest.xml:22:19-43
107            android:theme="@android:style/Theme.Translucent.NoTitleBar" />
107-->[com.google.android.gms:play-services-base:18.1.0] AndroidManifest.xml:21:19-78
108
109        <meta-data
109-->[com.google.android.gms:play-services-basement:18.1.0] AndroidManifest.xml:21:9-23:69
110            android:name="com.google.android.gms.version"
110-->[com.google.android.gms:play-services-basement:18.1.0] AndroidManifest.xml:22:13-58
111            android:value="@integer/google_play_services_version" />
111-->[com.google.android.gms:play-services-basement:18.1.0] AndroidManifest.xml:23:13-66
112        <meta-data
112-->[com.huawei.hms:panorama:4.0.4.301] AndroidManifest.xml:12:9-14:50
113            android:name="com.huawei.hms.client.service.name:panorama"
113-->[com.huawei.hms:panorama:4.0.4.301] AndroidManifest.xml:13:13-71
114            android:value="panorama:4.0.4.301" />
114-->[com.huawei.hms:panorama:4.0.4.301] AndroidManifest.xml:14:13-47
115        <meta-data
115-->[com.huawei.hms:panorama:4.0.4.301] AndroidManifest.xml:15:9-17:33
116            android:name="com.huawei.hms.min_api_level:panorama:panorama"
116-->[com.huawei.hms:panorama:4.0.4.301] AndroidManifest.xml:16:13-74
117            android:value="5" />
117-->[com.huawei.hms:panorama:4.0.4.301] AndroidManifest.xml:17:13-30
118        <meta-data
118-->[com.huawei.hms:panorama:4.0.4.301] AndroidManifest.xml:18:9-20:33
119            android:name="com.huawei.hms.min_api_level:panorama:huawei_module_panorama"
119-->[com.huawei.hms:panorama:4.0.4.301] AndroidManifest.xml:19:13-88
120            android:value="5" />
120-->[com.huawei.hms:panorama:4.0.4.301] AndroidManifest.xml:20:13-30
121
122        <provider
122-->[androidx.emoji2:emoji2:1.2.0] AndroidManifest.xml:24:9-32:20
123            android:name="androidx.startup.InitializationProvider"
123-->[androidx.emoji2:emoji2:1.2.0] AndroidManifest.xml:25:13-67
124            android:authorities="com.example.bikee_cataloguemobileapp.androidx-startup"
124-->[androidx.emoji2:emoji2:1.2.0] AndroidManifest.xml:26:13-68
125            android:exported="false" >
125-->[androidx.emoji2:emoji2:1.2.0] AndroidManifest.xml:27:13-37
126            <meta-data
126-->[androidx.emoji2:emoji2:1.2.0] AndroidManifest.xml:29:13-31:52
127                android:name="androidx.emoji2.text.EmojiCompatInitializer"
127-->[androidx.emoji2:emoji2:1.2.0] AndroidManifest.xml:30:17-75
128                android:value="androidx.startup" />
128-->[androidx.emoji2:emoji2:1.2.0] AndroidManifest.xml:31:17-49
129            <meta-data
129-->[androidx.lifecycle:lifecycle-process:2.4.1] AndroidManifest.xml:31:13-33:52
130                android:name="androidx.lifecycle.ProcessLifecycleInitializer"
130-->[androidx.lifecycle:lifecycle-process:2.4.1] AndroidManifest.xml:32:17-78
131                android:value="androidx.startup" />
131-->[androidx.lifecycle:lifecycle-process:2.4.1] AndroidManifest.xml:33:17-49
132        </provider>
133
134        <meta-data
134-->[com.huawei.hms:dynamic-api:1.0.13.303] AndroidManifest.xml:12:9-14:54
135            android:name="com.huawei.hms.client.service.name:dynamic-api"
135-->[com.huawei.hms:dynamic-api:1.0.13.303] AndroidManifest.xml:13:13-74
136            android:value="dynamic-api:1.0.13.303" />
136-->[com.huawei.hms:dynamic-api:1.0.13.303] AndroidManifest.xml:14:13-51
137        <meta-data
137-->[com.huawei.hms:dynamic-api:1.0.13.303] AndroidManifest.xml:15:9-17:33
138            android:name="com.huawei.hms.min_api_level:dynamic-api:huawei_module_dynamicloader"
138-->[com.huawei.hms:dynamic-api:1.0.13.303] AndroidManifest.xml:16:13-96
139            android:value="2" />
139-->[com.huawei.hms:dynamic-api:1.0.13.303] AndroidManifest.xml:17:13-30
140        <!--
141        为后续统计第三方app集成了哪些Kit，因此需要Kit在自己的AndroidManifest.xml文件中定义业务标签元数据，
142        流水线打包时会替换成HMSVER对应的版本号，不要手动修改
143        -->
144        <meta-data
144-->[com.huawei.hms:base:4.0.3.302] AndroidManifest.xml:18:9-20:46
145            android:name="com.huawei.hms.client.service.name:base"
145-->[com.huawei.hms:base:4.0.3.302] AndroidManifest.xml:19:13-67
146            android:value="base:4.0.3.302" /> <!-- SDK依赖的HMSCore的最低api level元数据 -->
146-->[com.huawei.hms:base:4.0.3.302] AndroidManifest.xml:20:13-43
147        <meta-data
147-->[com.huawei.hms:base:4.0.3.302] AndroidManifest.xml:23:9-25:33
148            android:name="com.huawei.hms.min_api_level:base:hmscore"
148-->[com.huawei.hms:base:4.0.3.302] AndroidManifest.xml:24:13-69
149            android:value="1" /> <!-- 用于判断是否集成了本lib -->
149-->[com.huawei.hms:base:4.0.3.302] AndroidManifest.xml:25:13-30
150        <meta-data
150-->[com.huawei.hms:availableupdate:4.0.3.302] AndroidManifest.xml:23:9-25:35
151            android:name="availableLoaded"
151-->[com.huawei.hms:availableupdate:4.0.3.302] AndroidManifest.xml:24:13-43
152            android:value="yes" />
152-->[com.huawei.hms:availableupdate:4.0.3.302] AndroidManifest.xml:25:13-32
153
154        <provider
154-->[com.huawei.hms:availableupdate:4.0.3.302] AndroidManifest.xml:27:9-32:20
155            android:name="com.huawei.hms.update.provider.UpdateProvider"
155-->[com.huawei.hms:availableupdate:4.0.3.302] AndroidManifest.xml:28:13-73
156            android:authorities="com.example.bikee_cataloguemobileapp.hms.update.provider"
156-->[com.huawei.hms:availableupdate:4.0.3.302] AndroidManifest.xml:29:13-71
157            android:exported="false"
157-->[com.huawei.hms:availableupdate:4.0.3.302] AndroidManifest.xml:30:13-37
158            android:grantUriPermissions="true" >
158-->[com.huawei.hms:availableupdate:4.0.3.302] AndroidManifest.xml:31:13-47
159        </provider>
160
161        <activity
161-->[com.huawei.hms:ui:4.0.3.302] AndroidManifest.xml:10:9-20:20
162            android:name="com.huawei.hms.activity.BridgeActivity"
162-->[com.huawei.hms:ui:4.0.3.302] AndroidManifest.xml:11:13-66
163            android:configChanges="orientation|locale|layoutDirection|fontScale|screenSize|smallestScreenSize|screenLayout"
163-->[com.huawei.hms:ui:4.0.3.302] AndroidManifest.xml:12:13-124
164            android:excludeFromRecents="true"
164-->[com.huawei.hms:ui:4.0.3.302] AndroidManifest.xml:13:13-46
165            android:exported="false"
165-->[com.huawei.hms:ui:4.0.3.302] AndroidManifest.xml:14:13-37
166            android:hardwareAccelerated="true"
166-->[com.huawei.hms:ui:4.0.3.302] AndroidManifest.xml:15:13-47
167            android:theme="@android:style/Theme.Translucent" >
167-->[com.huawei.hms:ui:4.0.3.302] AndroidManifest.xml:16:13-61
168            <meta-data
168-->[com.huawei.hms:ui:4.0.3.302] AndroidManifest.xml:17:13-19:77
169                android:name="hwc-theme"
169-->[com.huawei.hms:ui:4.0.3.302] AndroidManifest.xml:18:17-41
170                android:value="androidhwext:style/Theme.Emui.Translucent" />
170-->[com.huawei.hms:ui:4.0.3.302] AndroidManifest.xml:19:17-74
171        </activity>
172        <activity
172-->[com.huawei.hms:ui:4.0.3.302] AndroidManifest.xml:21:9-24:20
173            android:name="com.huawei.hms.activity.EnableServiceActivity"
173-->[com.huawei.hms:ui:4.0.3.302] AndroidManifest.xml:22:13-73
174            android:configChanges="orientation|keyboardHidden|screenSize|smallestScreenSize|screenLayout" >
174-->[com.huawei.hms:ui:4.0.3.302] AndroidManifest.xml:23:13-106
175        </activity>
176
177        <provider
177-->[com.huawei.agconnect:agconnect-core:1.0.0.300] AndroidManifest.xml:10:9-13:40
178            android:name="com.huawei.agconnect.core.provider.AGConnectInitializeProvider"
178-->[com.huawei.agconnect:agconnect-core:1.0.0.300] AndroidManifest.xml:11:13-90
179            android:authorities="com.example.bikee_cataloguemobileapp.AGCInitializeProvider"
179-->[com.huawei.agconnect:agconnect-core:1.0.0.300] AndroidManifest.xml:12:13-73
180            android:exported="false" />
180-->[com.huawei.agconnect:agconnect-core:1.0.0.300] AndroidManifest.xml:13:13-37
181
182        <service
182-->[com.huawei.agconnect:agconnect-core:1.0.0.300] AndroidManifest.xml:15:9-17:40
183            android:name="com.huawei.agconnect.core.ServiceDiscovery"
183-->[com.huawei.agconnect:agconnect-core:1.0.0.300] AndroidManifest.xml:16:13-70
184            android:exported="false" />
184-->[com.huawei.agconnect:agconnect-core:1.0.0.300] AndroidManifest.xml:17:13-37
185
186        <activity
186-->[com.huawei.hms:update:2.0.6.300] AndroidManifest.xml:21:9-29:20
187            android:name="com.huawei.updatesdk.service.otaupdate.AppUpdateActivity"
187-->[com.huawei.hms:update:2.0.6.300] AndroidManifest.xml:22:13-84
188            android:configChanges="orientation|screenSize"
188-->[com.huawei.hms:update:2.0.6.300] AndroidManifest.xml:23:13-59
189            android:exported="false"
189-->[com.huawei.hms:update:2.0.6.300] AndroidManifest.xml:24:13-37
190            android:theme="@style/upsdkDlDialog" >
190-->[com.huawei.hms:update:2.0.6.300] AndroidManifest.xml:25:13-49
191            <meta-data
191-->[com.huawei.hms:ui:4.0.3.302] AndroidManifest.xml:17:13-19:77
192                android:name="hwc-theme"
192-->[com.huawei.hms:ui:4.0.3.302] AndroidManifest.xml:18:17-41
193                android:value="androidhwext:style/Theme.Emui.Translucent.NoTitleBar" />
193-->[com.huawei.hms:ui:4.0.3.302] AndroidManifest.xml:19:17-74
194        </activity>
195        <activity
195-->[com.huawei.hms:update:2.0.6.300] AndroidManifest.xml:30:9-38:20
196            android:name="com.huawei.updatesdk.support.pm.PackageInstallerActivity"
196-->[com.huawei.hms:update:2.0.6.300] AndroidManifest.xml:31:13-84
197            android:configChanges="orientation|keyboardHidden|screenSize"
197-->[com.huawei.hms:update:2.0.6.300] AndroidManifest.xml:32:13-74
198            android:exported="false"
198-->[com.huawei.hms:update:2.0.6.300] AndroidManifest.xml:33:13-37
199            android:theme="@style/upsdkDlDialog" >
199-->[com.huawei.hms:update:2.0.6.300] AndroidManifest.xml:34:13-49
200            <meta-data
200-->[com.huawei.hms:ui:4.0.3.302] AndroidManifest.xml:17:13-19:77
201                android:name="hwc-theme"
201-->[com.huawei.hms:ui:4.0.3.302] AndroidManifest.xml:18:17-41
202                android:value="androidhwext:style/Theme.Emui.Translucent" />
202-->[com.huawei.hms:ui:4.0.3.302] AndroidManifest.xml:19:17-74
203        </activity>
204    </application>
205
206</manifest>